[    0.000000] Initializing cgroup subsys cpuset
[    0.000000] Initializing cgroup subsys cpu
[    0.000000] Initializing cgroup subsys cpuacct
[    0.000000] Linux version 4.4.0-165-generic (buildd@lgw01-amd64-027) (gcc version 5.4.0 20160609 (Ubuntu 5.4.0-6ubuntu1~16.04.10) ) #193-Ubuntu SMP Tue Sep 17 17:42:52 UTC 2019 (Ubuntu 4.4.0-165.193-generic 4.4.189)
[    0.000000] Command line: BOOT_IMAGE=/boot/vmlinuz-4.4.0-165-generic root=LABEL=cloudimg-rootfs ro console=tty1 console=ttyS0
[    0.000000] KERNEL supported cpus:
[    0.000000]   Intel GenuineIntel
[    0.000000]   AMD AuthenticAMD
[    0.000000]   Centaur CentaurHauls
[    0.000000] x86/fpu: xstate_offset[2]:  576, xstate_sizes[2]:  256
[    0.000000] x86/fpu: Supporting XSAVE feature 0x01: 'x87 floating point registers'
[    0.000000] x86/fpu: Supporting XSAVE feature 0x02: 'SSE registers'
[    0.000000] x86/fpu: Supporting XSAVE feature 0x04: 'AVX registers'
[    0.000000] x86/fpu: Enabled xstate features 0x7, context size is 832 bytes, using 'standard' format.
[    0.000000] e820: BIOS-provided physical RAM map:
[    0.000000] BIOS-e820: [mem 0x0000000000000000-0x000000000009fbff] usable
[    0.000000] BIOS-e820: [mem 0x000000000009fc00-0x000000000009ffff] reserved
[    0.000000] BIOS-e820: [mem 0x00000000000f0000-0x00000000000fffff] reserved
[    0.000000] BIOS-e820: [mem 0x0000000000100000-0x000000003ffeffff] usable
[    0.000000] BIOS-e820: [mem 0x000000003fff0000-0x000000003fffffff] ACPI data
[    0.000000] BIOS-e820: [mem 0x00000000fec00000-0x00000000fec00fff] reserved
[    0.000000] BIOS-e820: [mem 0x00000000fee00000-0x00000000fee00fff] reserved
[    0.000000] BIOS-e820: [mem 0x00000000fffc0000-0x00000000ffffffff] reserved
[    0.000000] NX (Execute Disable) protection: active
[    0.000000] SMBIOS 2.5 present.
[    0.000000] Hypervisor detected: KVM
[    0.000000] e820: last_pfn = 0x3fff0 max_arch_pfn = 0x400000000
[    0.000000] MTRR: Disabled
[    0.000000] x86/PAT: MTRRs disabled, skipping PAT initialization too.
[    0.000000] CPU MTRRs all blank - virtualized system.
[    0.000000] x86/PAT: Configuration [0-7]: WB  WT  UC- UC  WB  WT  UC- UC  
[    0.000000] found SMP MP-table at [mem 0x0009fff0-0x0009ffff] mapped at [ffff88000009fff0]
[    0.000000] Scanning 1 areas for low memory corruption
[    0.000000] RAMDISK: [mem 0x362fa000-0x37174fff]
[    0.000000] ACPI: Early table checksum verification disabled
[    0.000000] ACPI: RSDP 0x00000000000E0000 000024 (v02 VBOX  )
[    0.000000] ACPI: XSDT 0x000000003FFF0030 00003C (v01 VBOX   VBOXXSDT 00000001 ASL  00000061)
[    0.000000] ACPI: FACP 0x000000003FFF00F0 0000F4 (v04 VBOX   VBOXFACP 00000001 ASL  00000061)
[    0.000000] ACPI: DSDT 0x000000003FFF0470 0022EA (v02 VBOX   VBOXBIOS 00000002 INTL 20100528)
[    0.000000] ACPI: FACS 0x000000003FFF0200 000040
[    0.000000] ACPI: FACS 0x000000003FFF0200 000040
[    0.000000] ACPI: APIC 0x000000003FFF0240 00005C (v02 VBOX   VBOXAPIC 00000001 ASL  00000061)
[    0.000000] ACPI: SSDT 0x000000003FFF02A0 0001CC (v01 VBOX   VBOXCPUT 00000002 INTL 20100528)
[    0.000000] No NUMA configuration found
[    0.000000] Faking a node at [mem 0x0000000000000000-0x000000003ffeffff]
[    0.000000] NODE_DATA(0) allocated [mem 0x3ffeb000-0x3ffeffff]
[    0.000000] kvm-clock: Using msrs 4b564d01 and 4b564d00
[    0.000000] kvm-clock: cpu 0, msr 0:3ffe3001, primary cpu clock
[    0.000000] kvm-clock: using sched offset of 3457665863 cycles
[    0.000000] clocksource: kvm-clock: mask: 0xffffffffffffffff max_cycles: 0x1cd42e4dffb, max_idle_ns: 881590591483 ns
[    0.000000] Zone ranges:
[    0.000000]   DMA      [mem 0x0000000000001000-0x0000000000ffffff]
[    0.000000]   DMA32    [mem 0x0000000001000000-0x000000003ffeffff]
[    0.000000]   Normal   empty
[    0.000000]   Device   empty
[    0.000000] Movable zone start for each node
[    0.000000] Early memory node ranges
[    0.000000]   node   0: [mem 0x0000000000001000-0x000000000009efff]
[    0.000000]   node   0: [mem 0x0000000000100000-0x000000003ffeffff]
[    0.000000] Initmem setup node 0 [mem 0x0000000000001000-0x000000003ffeffff]
[    0.000000] ACPI: PM-Timer IO Port: 0x4008
[    0.000000] IOAPIC[0]: apic_id 2, version 32, address 0xfec00000, GSI 0-23
[    0.000000] ACPI: INT_SRC_OVR (bus 0 bus_irq 0 global_irq 2 dfl dfl)
[    0.000000] ACPI: INT_SRC_OVR (bus 0 bus_irq 9 global_irq 9 low level)
[    0.000000] Using ACPI (MADT) for SMP configuration information
[    0.000000] smpboot: Allowing 2 CPUs, 0 hotplug CPUs
[    0.000000] PM: Registered nosave memory: [mem 0x00000000-0x00000fff]
[    0.000000] PM: Registered nosave memory: [mem 0x0009f000-0x0009ffff]
[    0.000000] PM: Registered nosave memory: [mem 0x000a0000-0x000effff]
[    0.000000] PM: Registered nosave memory: [mem 0x000f0000-0x000fffff]
[    0.000000] e820: [mem 0x40000000-0xfebfffff] available for PCI devices
[    0.000000] Booting paravirtualized kernel on KVM
[    0.000000] clocksource: refined-jiffies: mask: 0xffffffff max_cycles: 0xffffffff, max_idle_ns: 7645519600211568 ns
[    0.000000] setup_percpu: NR_CPUS:512 nr_cpumask_bits:512 nr_cpu_ids:2 nr_node_ids:1
[    0.000000] PERCPU: Embedded 34 pages/cpu @ffff88003fc00000 s99544 r8192 d31528 u1048576
[    0.000000] Built 1 zonelists in Node order, mobility grouping on.  Total pages: 257912
[    0.000000] Policy zone: DMA32
[    0.000000] Kernel command line: BOOT_IMAGE=/boot/vmlinuz-4.4.0-165-generic root=LABEL=cloudimg-rootfs ro console=tty1 console=ttyS0
[    0.000000] PID hash table entries: 4096 (order: 3, 32768 bytes)
[    0.000000] Memory: 997732K/1048120K available (8621K kernel code, 1335K rwdata, 4032K rodata, 1484K init, 1284K bss, 50388K reserved, 0K cma-reserved)
[    0.000000] SLUB: HWalign=64, Order=0-3, MinObjects=0, CPUs=2, Nodes=1
[    0.000000] Kernel/User page tables isolation: enabled
[    0.000000] Hierarchical RCU implementation.
[    0.000000] 	Build-time adjustment of leaf fanout to 64.
[    0.000000] 	RCU restricting CPUs from NR_CPUS=512 to nr_cpu_ids=2.
[    0.000000] RCU: Adjusting geometry for rcu_fanout_leaf=64, nr_cpu_ids=2
[    0.000000] NR_IRQS:33024 nr_irqs:440 16
[    0.000000] Console: colour VGA+ 80x25
[    0.000000] console [tty1] enabled
[    0.000000] console [ttyS0] enabled
[    0.000000] tsc: Detected 2904.002 MHz processor
[    0.221083] Calibrating delay loop (skipped) preset value.. 5808.00 BogoMIPS (lpj=11616008)
[    0.223731] pid_max: default: 32768 minimum: 301
[    0.225098] ACPI: Core revision 20150930
[    0.228848] ACPI: 2 ACPI AML tables successfully acquired and loaded
[    0.230691] Security Framework initialized
[    0.231874] Yama: becoming mindful.
[    0.232992] AppArmor: AppArmor initialized
[    0.234299] Dentry cache hash table entries: 131072 (order: 8, 1048576 bytes)
[    0.238180] Inode-cache hash table entries: 65536 (order: 7, 524288 bytes)
[    0.240077] Mount-cache hash table entries: 2048 (order: 2, 16384 bytes)
[    0.241913] Mountpoint-cache hash table entries: 2048 (order: 2, 16384 bytes)
[    0.243895] Initializing cgroup subsys io
[    0.245202] Initializing cgroup subsys memory
[    0.246499] Initializing cgroup subsys devices
[    0.247761] Initializing cgroup subsys freezer
[    0.249042] Initializing cgroup subsys net_cls
[    0.250299] Initializing cgroup subsys perf_event
[    0.251638] Initializing cgroup subsys net_prio
[    0.253019] Initializing cgroup subsys hugetlb
[    0.254320] Initializing cgroup subsys pids
[    0.257373] mce: CPU supports 0 MCE banks
[    0.258700] Last level iTLB entries: 4KB 64, 2MB 8, 4MB 8
[    0.260194] Last level dTLB entries: 4KB 64, 2MB 0, 4MB 0, 1GB 4
[    0.261941] Spectre V1 : Mitigation: usercopy/swapgs barriers and __user pointer sanitization
[    0.264440] Spectre V2 : Mitigation: Full generic retpoline
[    0.266040] Spectre V2 : Spectre v2 / SpectreRSB mitigation: Filling RSB on context switch
[    0.268365] Speculative Store Bypass: Vulnerable
[    0.269799] MDS: Vulnerable: Clear CPU buffers attempted, no microcode
[    0.275559] Freeing SMP alternatives memory: 36K
[    0.285364] ftrace: allocating 32318 entries in 127 pages
[    0.358073] smpboot: APIC(0) Converting physical 0 to logical package 0
[    0.359483] smpboot: Max logical packages: 1
[    0.360828] x2apic enabled
[    0.362146] Switched APIC routing to physical x2apic.
[    0.365122] ..TIMER: vector=0x30 apic1=0 pin1=2 apic2=-1 pin2=-1
[    0.472543] smpboot: CPU0: Intel(R) Core(TM) i7-7500U CPU @ 2.70GHz (family: 0x6, model: 0x8e, stepping: 0x9)
[    0.476470] Performance Events: unsupported p6 CPU model 142 no PMU driver, software events only.
[    0.490463] KVM setup paravirtual spinlock
[    0.492703] x86: Booting SMP configuration:
[    0.494120] .... node  #0, CPUs:      #1
[    0.495649] kvm-clock: cpu 1, msr 0:3ffe3041, secondary cpu clock
[    0.498862] mce: CPU supports 0 MCE banks
[    0.502348] x86: Booted up 1 node, 2 CPUs
[    0.504170] smpboot: Total of 2 processors activated (11616.00 BogoMIPS)
[    0.506735] devtmpfs: initialized
[    0.509544] evm: security.selinux
[    0.510739] evm: security.SMACK64
[    0.512021] evm: security.SMACK64EXEC
[    0.513551] evm: security.SMACK64TRANSMUTE
[    0.514927] evm: security.SMACK64MMAP
[    0.516245] evm: security.ima
[    0.517425] evm: security.capability
[    0.518778] clocksource: jiffies: mask: 0xffffffff max_cycles: 0xffffffff, max_idle_ns: 7645041785100000 ns
[    0.521983] futex hash table entries: 512 (order: 3, 32768 bytes)
[    0.524101] pinctrl core: initialized pinctrl subsystem
[    0.525930] RTC time: 16:55:07, date: 10/08/19
[    0.527611] NET: Registered protocol family 16
[    0.543704] cpuidle: using governor ladder
[    0.558329] cpuidle: using governor menu
[    0.559716] PCCT header not found.
[    0.560972] ACPI: bus type PCI registered
[    0.562219] acpiphp: ACPI Hot Plug PCI Controller Driver version: 0.5
[    0.564227] PCI: Using configuration type 1 for base access
[    0.578615] ACPI: Added _OSI(Module Device)
[    0.580205] ACPI: Added _OSI(Processor Device)
[    0.581612] ACPI: Added _OSI(3.0 _SCP Extensions)
[    0.583876] ACPI: Added _OSI(Processor Aggregator Device)
[    0.586876] ACPI: Executed 1 blocks of module-level executable AML code
[    0.592261] ACPI: Interpreter enabled
[    0.593536] ACPI: (supports S0 S5)
[    0.594891] ACPI: Using IOAPIC for interrupt routing
[    0.596615] PCI: Using host bridge windows from ACPI; if necessary, use "pci=nocrs" and report a bug
[    0.604893] ACPI: PCI Root Bridge [PCI0] (domain 0000 [bus 00-ff])
[    0.606952] acpi PNP0A03:00: _OSC: OS supports [ASPM ClockPM Segments MSI]
[    0.609586] acpi PNP0A03:00: _OSC: not requesting OS control; OS requires [ExtendedConfig ASPM ClockPM MSI]
[    0.612634] acpi PNP0A03:00: fail to add MMCONFIG information, can't access extended PCI configuration space under this bridge.
[    0.616554] PCI host bridge to bus 0000:00
[    0.617874] pci_bus 0000:00: root bus resource [io  0x0000-0x0cf7 window]
[    0.620347] pci_bus 0000:00: root bus resource [io  0x0d00-0xffff window]
[    0.622532] pci_bus 0000:00: root bus resource [mem 0x000a0000-0x000bffff window]
[    0.625460] pci_bus 0000:00: root bus resource [mem 0x40000000-0xfdffffff window]
[    0.628384] pci_bus 0000:00: root bus resource [bus 00-ff]
[    0.632403] pci 0000:00:01.1: legacy IDE quirk: reg 0x10: [io  0x01f0-0x01f7]
[    0.634143] pci 0000:00:01.1: legacy IDE quirk: reg 0x14: [io  0x03f6]
[    0.636654] pci 0000:00:01.1: legacy IDE quirk: reg 0x18: [io  0x0170-0x0177]
[    0.638811] pci 0000:00:01.1: legacy IDE quirk: reg 0x1c: [io  0x0376]
[    0.689531] pci 0000:00:07.0: quirk: [io  0x4000-0x403f] claimed by PIIX4 ACPI
[    0.692204] pci 0000:00:07.0: quirk: [io  0x4100-0x410f] claimed by PIIX4 SMB
[    0.702411] ACPI: PCI Interrupt Link [LNKA] (IRQs 5 9 10 *11)
[    0.704662] ACPI: PCI Interrupt Link [LNKB] (IRQs 5 9 *10 11)
[    0.706969] ACPI: PCI Interrupt Link [LNKC] (IRQs 5 *9 10 11)
[    0.709272] ACPI: PCI Interrupt Link [LNKD] (IRQs 5 9 10 *11)
[    0.711660] ACPI: Enabled 2 GPEs in block 00 to 07
[    0.713580] vgaarb: setting as boot device: PCI:0000:00:02.0
[    0.715496] vgaarb: device added: PCI:0000:00:02.0,decodes=io+mem,owns=io+mem,locks=none
[    0.718258] vgaarb: loaded
[    0.719296] vgaarb: bridge control possible 0000:00:02.0
[    0.721012] SCSI subsystem initialized
[    0.722282] ACPI: bus type USB registered
[    0.723515] usbcore: registered new interface driver usbfs
[    0.724964] usbcore: registered new interface driver hub
[    0.726699] usbcore: registered new device driver usb
[    0.728566] PCI: Using ACPI for IRQ routing
[    0.730333] NetLabel: Initializing
[    0.731415] NetLabel:  domain hash size = 128
[    0.732588] NetLabel:  protocols = UNLABELED CIPSOv4
[    0.736966] NetLabel:  unlabeled traffic allowed by default
[    0.738629] amd_nb: Cannot enumerate AMD northbridges
[    0.740207] clocksource: Switched to clocksource kvm-clock
[    0.754074] AppArmor: AppArmor Filesystem Enabled
[    0.755745] pnp: PnP ACPI init
[    0.757702] pnp: PnP ACPI: found 3 devices
[    0.768253] clocksource: acpi_pm: mask: 0xffffff max_cycles: 0xffffff, max_idle_ns: 2085701024 ns
[    0.770929] NET: Registered protocol family 2
[    0.772541] TCP established hash table entries: 8192 (order: 4, 65536 bytes)
[    0.774733] TCP bind hash table entries: 8192 (order: 5, 131072 bytes)
[    0.776805] TCP: Hash tables configured (established 8192 bind 8192)
[    0.778831] UDP hash table entries: 512 (order: 2, 16384 bytes)
[    0.780723] UDP-Lite hash table entries: 512 (order: 2, 16384 bytes)
[    0.782589] NET: Registered protocol family 1
[    0.784025] pci 0000:00:00.0: Limiting direct PCI/PCI transfers
[    0.785742] pci 0000:00:01.0: Activating ISA DMA hang workarounds
[    0.787534] Unpacking initramfs...
[    1.061513] Freeing initrd memory: 14828K
[    1.063020] clocksource: tsc: mask: 0xffffffffffffffff max_cycles: 0x29dc079b5d9, max_idle_ns: 440795223751 ns
[    1.066436] platform rtc_cmos: registered platform RTC device (no PNP device found)
[    1.069269] Scanning for low memory corruption every 60 seconds
[    1.071882] audit: initializing netlink subsys (disabled)
[    1.073471] audit: type=2000 audit(1570553713.423:1): initialized
[    1.075437] Initialise system trusted keyring
[    1.076967] HugeTLB registered 2 MB page size, pre-allocated 0 pages
[    1.080328] zbud: loaded
[    1.081752] VFS: Disk quotas dquot_6.6.0
[    1.082978] VFS: Dquot-cache hash table entries: 512 (order 0, 4096 bytes)
[    1.085862] squashfs: version 4.0 (2009/01/31) Phillip Lougher
[    1.088320] fuse init (API version 7.23)
[    1.089941] Key type big_key registered
[    1.091449] Allocating IMA MOK and blacklist keyrings.
[    1.094998] Key type asymmetric registered
[    1.096627] Asymmetric key parser 'x509' registered
[    1.098660] Block layer SCSI generic (bsg) driver version 0.4 loaded (major 249)
[    1.101463] io scheduler noop registered
[    1.102983] io scheduler deadline registered (default)
[    1.104976] io scheduler cfq registered
[    1.106721] pci_hotplug: PCI Hot Plug PCI Core version: 0.5
[    1.108621] pciehp: PCI Express Hot Plug Controller Driver version: 0.4
[    1.110969] ACPI: AC Adapter [AC] (on-line)
[    1.112462] input: Power Button as /devices/LNXSYSTM:00/LNXPWRBN:00/input/input0
[    1.115103] ACPI: Power Button [PWRF]
[    1.116413] input: Sleep Button as /devices/LNXSYSTM:00/LNXSLPBN:00/input/input1
[    1.118859] ACPI: Sleep Button [SLPF]
[    1.121333] ACPI: Battery Slot [BAT0] (battery present)
[    1.122924] GHES: HEST is not enabled!
[    1.124282] Serial: 8250/16550 driver, 32 ports, IRQ sharing enabled
[    1.146678] 00:02: ttyS0 at I/O 0x3f8 (irq = 4, base_baud = 115200) is a 16550A
[    1.150370] Linux agpgart interface v0.103
[    1.153597] loop: module loaded
[    1.155413] scsi host0: ata_piix
[    1.156686] scsi host1: ata_piix
[    1.157872] ata1: PATA max UDMA/33 cmd 0x1f0 ctl 0x3f6 bmdma 0xd000 irq 14
[    1.159803] ata2: PATA max UDMA/33 cmd 0x170 ctl 0x376 bmdma 0xd008 irq 15
[    1.162199] libphy: Fixed MDIO Bus: probed
[    1.163527] tun: Universal TUN/TAP device driver, 1.6
[    1.165029] tun: (C) 1999-2004 Max Krasnyansky <maxk@qualcomm.com>
[    1.166900] PPP generic driver version 2.4.2
[    1.168342] ehci_hcd: USB 2.0 'Enhanced' Host Controller (EHCI) Driver
[    1.170371] ehci-pci: EHCI PCI platform driver
[    1.171751] ehci-platform: EHCI generic platform driver
[    1.173365] ohci_hcd: USB 1.1 'Open' Host Controller (OHCI) Driver
[    1.174863] ohci-pci: OHCI PCI platform driver
[    1.176363] ohci-platform: OHCI generic platform driver
[    1.178212] uhci_hcd: USB Universal Host Controller Interface driver
[    1.180264] i8042: PNP: PS/2 Controller [PNP0303:PS2K,PNP0f03:PS2M] at 0x60,0x64 irq 1,12
[    1.183585] serio: i8042 KBD port at 0x60,0x64 irq 1
[    1.185288] serio: i8042 AUX port at 0x60,0x64 irq 12
[    1.186787] mousedev: PS/2 mouse device common for all mice
[    1.188462] rtc_cmos rtc_cmos: rtc core: registered rtc_cmos as rtc0
[    1.189957] input: AT Translated Set 2 keyboard as /devices/platform/i8042/serio0/input/input2
[    1.191912] rtc_cmos rtc_cmos: alarms up to one day, 114 bytes nvram
[    1.193359] i2c /dev entries driver
[    1.194279] device-mapper: uevent: version 1.0.3
[    1.195662] device-mapper: ioctl: 4.34.0-ioctl (2015-10-28) initialised: dm-devel@redhat.com
[    1.198124] ledtrig-cpu: registered to indicate activity on CPUs
[    1.200103] NET: Registered protocol family 10
[    1.201689] NET: Registered protocol family 17
[    1.202995] Key type dns_resolver registered
[    1.204518] registered taskstats version 1
[    1.205513] Loading compiled-in X.509 certificates
[    1.207044] Loaded X.509 cert 'Build time autogenerated kernel key: 0ed82eac04367aa6426493b1389455ebf6830eaa'
[    1.209206] zswap: loaded using pool lzo/zbud
[    1.212147] Key type trusted registered
[    1.216503] Key type encrypted registered
[    1.217470] AppArmor: AppArmor sha1 policy hashing enabled
[    1.218639] ima: No TPM chip found, activating TPM-bypass!
[    1.219802] ima: Allocated hash algorithm: sha1
[    1.220958] evm: HMAC attrs: 0x1
[    1.222117]   Magic number: 7:214:944
[    1.223049] tty tty1: hash matches
[    1.223993] rtc_cmos rtc_cmos: setting system clock to 2019-10-08 16:55:08 UTC (1570553708)
[    1.226065] BIOS EDD facility v0.16 2004-Jun-25, 0 devices found
[    1.227498] EDD information not available.
[    1.317685] Freeing unused kernel memory: 1484K
[    1.318797] Write protecting the kernel read-only data: 14336k
[    1.320480] Freeing unused kernel memory: 1608K
[    1.321748] Freeing unused kernel memory: 64K
Loading, please wait...
starting version 229
[    1.337416] random: systemd-udevd: uninitialized urandom read (16 bytes read, 3 bits of entropy available)
[    1.338182] random: udevadm: uninitialized urandom read (16 bytes read, 3 bits of entropy available)
[    1.338202] random: udevadm: uninitialized urandom read (16 bytes read, 3 bits of entropy available)
[    1.346159] random: systemd-udevd: uninitialized urandom read (16 bytes read, 3 bits of entropy available)
[    1.348544] random: udevadm: uninitialized urandom read (16 bytes read, 3 bits of entropy available)
[    1.348580] random: udevadm: uninitialized urandom read (16 bytes read, 3 bits of entropy available)
[    1.348715] random: udevadm: uninitialized urandom read (16 bytes read, 3 bits of entropy available)
[    1.348761] random: udevadm: uninitialized urandom read (16 bytes read, 3 bits of entropy available)
[    1.348804] random: udevadm: uninitialized urandom read (16 bytes read, 3 bits of entropy available)
[    1.348866] random: udevadm: uninitialized urandom read (16 bytes read, 3 bits of entropy available)
[    1.398942] Fusion MPT base driver 3.04.20
[    1.400044] Copyright (c) 1999-2008 LSI Corporation
[    1.401522] e1000: Intel(R) PRO/1000 Network Driver - version 7.3.21-k8-NAPI
[    1.403204] e1000: Copyright (c) 1999-2006 Intel Corporation.
[    1.407014] Fusion MPT SPI Host driver 3.04.20
[    1.434941] AVX2 version of gcm_enc/dec engaged.
[    1.436321] AES CTR mode by8 optimization enabled
[    1.618166] input: ImExPS/2 Generic Explorer Mouse as /devices/platform/i8042/serio1/input/input4
[    1.816647] e1000 0000:00:03.0 eth0: (PCI:33MHz:32-bit) 02:0e:9b:2d:5b:92
[    1.818424] e1000 0000:00:03.0 eth0: Intel(R) PRO/1000 Network Connection
[    1.820986] mptbase: ioc0: Initiating bringup
[    1.821878] e1000 0000:00:03.0 enp0s3: renamed from eth0
[    1.884938] ioc0: LSI53C1030 A0: Capabilities={Initiator}
[    2.046936] scsi host2: ioc0: LSI53C1030 A0, FwRev=00000000h, Ports=1, MaxQ=256, IRQ=20
[    2.169424] scsi 2:0:0:0: Direct-Access     VBOX     HARDDISK         1.0  PQ: 0 ANSI: 5
[    2.172645] scsi target2:0:0: Beginning Domain Validation
[    2.175867] scsi target2:0:0: Domain Validation skipping write tests
[    2.177624] scsi target2:0:0: Ending Domain Validation
[    2.179141] scsi target2:0:0: asynchronous
[    2.180912] scsi 2:0:1:0: Direct-Access     VBOX     HARDDISK         1.0  PQ: 0 ANSI: 5
[    2.183331] scsi target2:0:1: Beginning Domain Validation
[    2.185870] scsi target2:0:1: Domain Validation skipping write tests
[    2.187970] scsi target2:0:1: Ending Domain Validation
[    2.208492] scsi target2:0:1: asynchronous
[    2.216940] sd 2:0:0:0: [sda] 20971520 512-byte logical blocks: (10.7 GB/10.0 GiB)
[    2.217281] sd 2:0:0:0: Attached scsi generic sg0 type 0
[    2.218058] sd 2:0:1:0: [sdb] 20480 512-byte logical blocks: (10.5 MB/10.0 MiB)
[    2.218139] sd 2:0:1:0: Attached scsi generic sg1 type 0
[    2.218494] sd 2:0:1:0: [sdb] Write Protect is off
[    2.218639] sd 2:0:1:0: [sdb] Incomplete mode parameter data
[    2.218641] sd 2:0:1:0: [sdb] Assuming drive cache: write through
[    2.221196] sd 2:0:1:0: [sdb] Attached SCSI disk
[    2.231531] sd 2:0:0:0: [sda] Write Protect is off
[    2.233289] sd 2:0:0:0: [sda] Incomplete mode parameter data
[    2.235117] sd 2:0:0:0: [sda] Assuming drive cache: write through
[    2.238644]  sda: sda1
[    2.240539] sd 2:0:0:0: [sda] Attached SCSI disk
Begin: Loading essential drivers ... [    3.756879] md: linear personality registered for level -1
[    3.760975] md: multipath personality registered for level -4
[    3.765385] md: raid0 personality registered for level 0
[    3.770413] md: raid1 personality registered for level 1
[    3.840677] raid6: sse2x1   gen()  7697 MB/s
[    3.908925] raid6: sse2x1   xor()  6722 MB/s
[    3.976290] raid6: sse2x2   gen()  9810 MB/s
[    4.045561] raid6: sse2x2   xor()  6747 MB/s
[    4.112914] raid6: sse2x4   gen() 14300 MB/s
[    4.180255] raid6: sse2x4   xor()  9248 MB/s
[    4.248593] raid6: avx2x1   gen() 18789 MB/s
[    4.316925] raid6: avx2x2   gen() 18148 MB/s
[    4.385230] raid6: avx2x4   gen() 16422 MB/s
[    4.387094] raid6: using algorithm avx2x1 gen() 18789 MB/s
[    4.389441] raid6: using avx2x2 recovery algorithm
[    4.393632] xor: automatically using best checksumming function:
[    4.433037]    avx       : 14090.000 MB/sec
[    4.437406] async_tx: api initialized (async)
[    4.455052] md: raid6 personality registered for level 6
[    4.457551] md: raid5 personality registered for level 5
[    4.459653] md: raid4 personality registered for level 4
[    4.471448] md: raid10 personality registered for level 10
done.
Begin: Running /scripts/init-premount ... done.
Begin: Mounting root file system ... Begin: Running /scripts/local-top ... done.
Begin: Running /scripts/local-premount ... [    4.524995] Btrfs loaded
Scanning for Btrfs filesystems
done.
Warning: fsck not present, so skipping root file system
[    4.561716] EXT4-fs (sda1): mounted filesystem with ordered data mode. Opts: (null)
done.
Begin: Running /scripts/local-bottom ... done.
Begin: Running /scripts/init-bottom ... done.
[    4.676099] systemd[1]: systemd 229 running in system mode. (+PAM +AUDIT +SELINUX +IMA +APPARMOR +SMACK +SYSVINIT +UTMP +LIBCRYPTSETUP +GCRYPT +GNUTLS +ACL +XZ -LZ4 +SECCOMP +BLKID +ELFUTILS +KMOD -IDN)
[    4.682540] systemd[1]: Detected virtualization oracle.
[    4.684454] systemd[1]: Detected architecture x86-64.

Welcome to [1mUbuntu 16.04.6 LTS[0m!

[    4.690497] systemd[1]: Set hostname to <ubuntu>.
[    4.694924] systemd[1]: Initializing machine ID from random generator.
[    4.697750] systemd[1]: Installed transient /etc/machine-id file.
[    4.922760] systemd[1]: Listening on udev Control Socket.
[[0;32m  OK  [0m] Listening on udev Control Socket.
[    4.926484] systemd[1]: Listening on Syslog Socket.
[[0;32m  OK  [0m] Listening on Syslog Socket.
[    4.930183] systemd[1]: Listening on Journal Socket (/dev/log).
[[0;32m  OK  [0m] Listening on Journal Socket (/dev/log).
[    4.934267] systemd[1]: Listening on /dev/initctl Compatibility Named Pipe.
[[0;32m  OK  [0m] Listening on /dev/initctl Compatibility Named Pipe.
[    4.938757] systemd[1]: Reached target System Time Synchronized.
[[0;32m  OK  [0m] Reached target System Time Synchronized.
[    4.942677] systemd[1]: Listening on Journal Socket.
[[0;32m  OK  [0m] Listening on Journal Socket.
[    4.946239] systemd[1]: Set up automount Arbitrary Executable File Formats File System Automount Point.
[[0;32m  OK  [0m] Set up automount Arbitrary Executab...ats File System Automount Point.
[    4.952018] systemd[1]: Listening on Journal Audit Socket.
[[0;32m  OK  [0m] Listening on Journal Audit Socket.
[    4.955741] systemd[1]: Listening on udev Kernel Socket.
[[0;32m  OK  [0m] Listening on udev Kernel Socket.
[    4.959567] systemd[1]: Started Trigger resolvconf update for networkd DNS.
[[0;32m  OK  [0m] Started Trigger resolvconf update for networkd DNS.
[    4.964340] systemd[1]: Reached target Encrypted Volumes.
[[0;32m  OK  [0m] Reached target Encrypted Volumes.
[    4.968898] systemd[1]: Created slice User and Session Slice.
[[0;32m  OK  [0m] Created slice User and Session Slice.
[    4.973659] systemd[1]: Created slice System Slice.
[[0;32m  OK  [0m] Created slice System Slice.
[    4.989009] systemd[1]: Mounting POSIX Message Queue File System...
         Mounting POSIX Message Queue File System...
[    4.995588] systemd[1]: Starting Set console keymap...
         Starting Set console keymap...
[    5.005491] systemd[1]: Created slice system-serial\x2dgetty.slice.
[[0;32m  OK  [0m] Created slice system-serial\x2dgetty.slice.
[    5.014805] systemd[1]: Mounting Debug File System...
         Mounting Debug File System...
[    5.022550] systemd[1]: Starting Journal Service...
         Starting Journal Service...
[    5.028027] systemd[1]: Reached target Slices.
[[0;32m  OK  [0m] Reached target Slices.
[    5.033768] systemd[1]: Starting Remount Root and Kernel File Systems...
         Starting Remount Root and Kernel File Systems...
[    5.048159] EXT4-fs (sda1): re-mounted. Opts: (null)
[    5.061333] systemd[1]: Mounting Huge Pages File System...
         Mounting Huge Pages File System...
[    5.077352] systemd[1]: Reached target User and Group Name Lookups.
[[0;32m  OK  [0m] Reached target User and Group Name Lookups.
[    5.085139] systemd[1]: Listening on Device-mapper event daemon FIFOs.
[[0;32m  OK  [0m] Listening on Device-mapper event daemon FIFOs.
[    5.092518] systemd[1]: Listening on LVM2 metadata daemon socket.
[[0;32m  OK  [0m] Listening on LVM2 metadata daemon socket.
[    5.120815] systemd[1]: Starting Uncomplicated firewall...
         Starting Uncomplicated firewall...
[    5.125048] systemd[1]: Reached target Swap.
[[0;32m  OK  [0m] Reached target Swap.
[    5.139096] systemd[1]: Starting Monitoring of LVM2 mirrors, snapshots etc. using dmeventd or progress polling...
         Starting Monitoring of LVM2 mirrors... dmeventd or progress polling...
[    5.181328] systemd[1]: Starting Load Kernel Modules...
         Starting Load Kernel Modules...
[    5.191164] systemd[1]: Listening on LVM2 poll daemon socket.
[[0;32m  OK  [0m] Listening on LVM2 poll daemon socket.
[    5.215264] Loading iSCSI transport class v2.0-870.
[    5.228824] systemd[1]: Starting Nameserver information manager...
         Starting Nameserver information manager...
[    5.233299] systemd[1]: Started Forward Password Requests to Wall Directory Watch.
[    5.239900] iscsi: registered transport (tcp)
[[0;32m  OK  [0m] Started Forward Password Requests to Wall Directory Watch.
[    5.247500] systemd[1]: Starting Create list of required static device nodes for the current kernel...
         Starting Create list of required st... nodes for the current kernel...
[    5.257674] systemd[1]: Mounted POSIX Message Queue File System.
[[0;32m  OK  [0m] Mounted POSIX Message Queue File System.
[    5.266457] systemd[1]: Mounted Debug File System.
[[0;32m  OK  [0m] Mounted Debug File System.
[    5.270184] systemd[1]: Mounted Huge Pages File System.
[[0;32m  OK  [0m] Mounted Huge Pages File System.
[    5.274262] systemd[1]: Started Journal Service.
[[0;32m  OK  [0m] Started Journal Service.
[[0;32m  OK  [0m] Started Set console keymap.
[[0;32m  OK  [0m] Started Remount Root and Kernel File Systems.
[[0;32m  OK  [0m] Started Uncomplicated firewall.
[[0;32m  OK  [0m] Started Create list of required sta...ce nodes for the current kernel.
[    5.308086] iscsi: registered transport (iser)
[[0;32m  OK  [0m] Started Load Kernel Modules.
[[0;32m  OK  [0m] Started Nameserver information manager.
[    5.374560] random: nonblocking pool is initialized
[[0;32m  OK  [0m] Started LVM2 metadata daemon.
         Starting Apply Kernel Variables...
         Mounting FUSE Control File System...
         Starting Create Static Device Nodes in /dev...
         Starting udev Coldplug all Devices...
         Starting Load/Save Random Seed...
         Starting Flush Journal to Persistent Storage...
[[0;32m  OK  [0m] Mounted FUSE Control File System.
[[0;32m  OK  [0m] Started Apply Kernel Variables.
[[0;32m  OK  [0m] Started Create Static Device Nodes in /dev.
[[0;32m  OK  [0m] Started Load/Save Random Seed.
[[0;32m  OK  [0m] Started udev Coldplug all Devices.
[[0;32m  OK  [0m] Started Flush Journal to Persistent Storage.
         Starting udev Kernel Device Manager...
[[0;32m  OK  [0m] Started Monitoring of LVM2 mirrors,...ng dmeventd or progress polling.
[[0;32m  OK  [0m] Reached target Local File Systems (Pre).
[[0;32m  OK  [0m] Reached target Local File Systems.
         Starting Tell Plymouth To Write Out Runtime Data...
         Starting Set console font and keymap...
         Starting LSB: AppArmor initialization...
         Starting Commit a transient machine-id on disk...
         Starting Initial cloud-init job (pre-networking)...
         Starting Create Volatile Files and Directories...
[[0;32m  OK  [0m] Started udev Kernel Device Manager.
[[0;32m  OK  [0m] Started Tell Plymouth To Write Out Runtime Data.
[[0;32m  OK  [0m] Started Create Volatile Files and Directories.
[[0;32m  OK  [0m] Started Commit a transient machine-id on disk.
         Starting Update UTMP about System Boot/Shutdown...
[[0;32m  OK  [0m] Started Dispatch Password Requests to Console Directory Watch.
[[0;32m  OK  [0m] Started Update UTMP about System Boot/Shutdown.
[[0;32m  OK  [0m] Found device /dev/ttyS0.
[[0;32m  OK  [0m] Listening on Load/Save RF Kill Switch Status /dev/rfkill Watch.
[    8.692495] cloud-init[500]: Cloud-init v. 19.2-36-g059d049c-0ubuntu1~16.04.1 running 'init-local' at Tue, 08 Oct 2019 16:55:15 +0000. Up 7.79 seconds.
[[0;32m  OK  [0m] Started Initial cloud-init job (pre-networking).
[[0;32m  OK  [0m] Reached target Network (Pre).
[[0;32m  OK  [0m] Started LSB: AppArmor initialization.
         Starting Raise network interfaces...
[[0;32m  OK  [0m] Started Set console font and keymap.
[[0;32m  OK  [0m] Created slice system-getty.slice.
[[0;32m  OK  [0m] Started Raise network interfaces.
         Starting Initial cloud-init job (metadata service crawler)...
[[0;32m  OK  [0m] Reached target Network.
[   11.850186] cloud-init[960]: Cloud-init v. 19.2-36-g059d049c-0ubuntu1~16.04.1 running 'init' at Tue, 08 Oct 2019 16:55:18 +0000. Up 10.90 seconds.
[   11.852626] cloud-init[960]: ci-info: +++++++++++++++++++++++++++++++++++++Net device info++++++++++++++++++++++++++++++++++++++
[   11.855605] cloud-init[960]: ci-info: +--------+------+---------------------------+---------------+--------+-------------------+
[   11.858754] cloud-init[960]: ci-info: | Device |  Up  |          Address          |      Mask     | Scope  |     Hw-Address    |
[   11.861315] cloud-init[960]: ci-info: +--------+------+---------------------------+---------------+--------+-------------------+
[   11.865189] cloud-init[960]: ci-info: | enp0s3 | True |         10.0.2.15         | 255.255.255.0 | global | 02:0e:9b:2d:5b:92 |
[   11.876451] cloud-init[960]: ci-info: | enp0s3 | True | fe80::e:9bff:fe2d:5b92/64 |       .       |  link  | 02:0e:9b:2d:5b:92 |
[   11.879747] cloud-init[960]: ci-info: |   lo   | True |         127.0.0.1         |   255.0.0.0   |  host  |         .         |
[   11.884064] cloud-init[960]: ci-info: |   lo   | True |          ::1/128          |       .       |  host  |         .         |
[   11.888662] cloud-init[960]: ci-info: +--------+------+---------------------------+---------------+--------+-------------------+
[   11.891368] cloud-init[960]: ci-info: +++++++++++++++++++++++++++Route IPv4 info++++++++++++++++++++++++++++
[   11.894930] cloud-init[960]: ci-info: +-------+-------------+----------+---------------+-----------+-------+
[   11.897567] cloud-init[960]: ci-info: | Route | Destination | Gateway  |    Genmask    | Interface | Flags |
[   11.899847] cloud-init[960]: ci-info: +-------+-------------+----------+---------------+-----------+-------+
[   11.903354] cloud-init[960]: ci-info: |   0   |   0.0.0.0   | 10.0.2.2 |    0.0.0.0    |   enp0s3  |   UG  |
[   11.906502] cloud-init[960]: ci-info: |   1   |   10.0.2.0  | 0.0.0.0  | 255.255.255.0 |   enp0s3  |   U   |
[   11.909646] [[0;32m  OK  [0m] Started Initial cloud-init job (metadata service crawler).
[cloud-init[960]: ci-info: +-------+-------------+----------+---------------+-----------+-------+
[   11.912422] cloud-init[960]: ci-info: +++++++++++++++++++Route IPv6 info+++++++++++++++++++
[   11.913283] cloud-init[960]: ci-info: +-------+-------------+---------+-----------+-------+
[   11.913889] cloud-init[960]: ci-info: | Route | Destination | Gateway | Interface | Flags |
[   11.914480] cloud-init[960]: ci-info: +-------+-------------+---------+-----------+-------+
[   11.915071] cloud-init[960]: ci-info: |   0   |  fe80::/64  |    ::   |   enp0s3  |   U   |
[   11.915670] cloud-init[960]: ci-info: |   3   |   ff00::/8  |    ::   |   enp0s3  |   U   |
[   11.916591] cloud-init[960]: ci-info: +-------+-------------+---------+-----------+-------+
[   11.917208] cloud-init[960]: Generating public/private rsa key pair.
[   11.917784] cloud-init[960]: Your identification has been saved in /etc/ssh/ssh_host_rsa_key.
[   11.918375] cloud-init[960]: Your public key has been saved in /etc/ssh/ssh_host_rsa_key.pub.
[   11.919261] cloud-init[960]: The key fingerprint is:
[   11.920637] cloud-init[960]: SHA256:keU60PE/anZU/R1AQ0mCT5LopFA+FgnQp550So6P2dQ root@ubuntu-xenial
[   11.921090] cloud-init[960]: The key's randomart image is:
[   11.921695] cloud-init[960]: +---[RSA 2048]----+
[   11.922300] cloud-init[960]: | .o.oo. o +.+*.  |
[   11.922935] cloud-init[960]: |   o.o.+ X ...o. |
[   11.923532] cloud-init[960]: |    ++= + *   ...|
[   11.924441] cloud-init[960]: |   +.o.o o o .  +|
[   11.925025] cloud-init[960]: |  * =   S   +   o|
[   11.925891] cloud-init[960]: | . * E   . o .   |
[   11.926964] cloud-init[960]: |  *       + .    |
[0;32m  OK  [0m] Reached target Network is Online.
[   11.934489] cloud-init[960]: | o o     o .     |
[   11.956949] cloud-init[960]: |                 |
[   11.958351] cloud-init[960]: +----[SHA256]-----+
[   11.964265] cloud-init[960]: Generating public/private dsa key pair.
[   11.964605] cloud-init[960]: Your identification has been saved in /etc/ssh/ssh_host_dsa_key.
[   11.965678] cloud-init[960]: Your public key has been saved in /etc/ssh/ssh_host_dsa_key.pub.
[   11.966160] cloud-init[960]: The key fingerprint is:
[   11.966620] cloud-init[960]: SHA256:gDiqfD4nJorrjlMfiQNzRAd77Q14p6MRSpHNu7FnXPs root@ubuntu-xenial
[   11.966949] cloud-init[960]: The key's randomart image is:
[   11.967301] cloud-init[960]: +---[DSA 1024]----+
[   11.967596] cloud-init[960]: | .+=.            |
[   11.967925] cloud-init[960]: |  o=o+           |
[   11.968291] cloud-init[960]: | .= =.= .        |
[   11.968602] cloud-init[960]: |oo.+o+ *.        |
[   11.968929] cloud-init[960]: |.+...*+.S.       |
[   11.969269] cloud-init[960]: |o + =o+..        |
[   11.969613] cloud-init[960]: |.o +.+   .       |
[   11.969935] cloud-init[960]: |+.o+..    E      |
[   11.970301] cloud-init[960]: |O=o.+            |
[   11.970647] cloud-init[960]: +----[SHA256]-----+
[   11.970974] cloud-init[960]: Generating public/private ecdsa key pair.
[   11.971602] cloud-init[960]: Your identification has been saved in /etc/ssh/ssh_host_ecdsa_key.
[   11.973025] cloud-init[960]: Your public key has been saved in /etc/ssh/ssh_host_ecdsa_key.pub.
[   11.973564] cloud-init[960]: The key fingerprint is:
[   11.973625] cloud-init[960]: SHA256:KrqXxXxPSg1Wycufbe7A/Ae5JDdOfqyKD2Lgc61OxHk root@ubuntu-xenial
[   11.973675] cloud-init[960]: The key's randomart image is:
[   11.975160] cloud-init[960]: +---[ECDSA 256]---+
[   11.975879] cloud-init[960]: |         . .     |
[   11.976452] cloud-init[960]: |          +      |
[   11.976775] cloud-init[960]: |         o .     |
[   11.977149] cloud-init[960]: |       .o.o      |
[   11.977473] cloud-init[960]: |     o..SoE. o . |
[   11.977799] cloud-init[960]: |     .++oooo+ X  |
[   11.978133] cloud-init[960]: |    .o+o=+o +X = |
[   11.978461] cloud-init[960]: |   .o. =.o.o o= +|
[   11.978794] cloud-init[960]: |  oo   .o ..oo++ |
[   11.979377] cloud-init[960]: +----[SHA256]-----+
[   11.979703] cloud-init[960]: Generating public/private ed25519 key pair.
[   11.980088] cloud-init[960]: Your identification has been saved in /etc/ssh/ssh_host_ed25519_key.
[   11.980382] cloud-init[960]: Your public key has been saved in /etc/ssh/ssh_host_ed25519_key.pub.
[   11.980715] cloud-init[960]: The key fingerprint is:
[   11.981072] cloud-init[960]: SHA256:0j7xLHX7XaaGNHor7bVqxVuE60vtCm+2JQB5g6hbZHI root@ubuntu-xenial
[   11.981402] cloud-init[960]: The key's randomart image is:
[   11.981736] cloud-init[960]: +--[ED25519 256]--+
[   11.982109] cloud-init[960]: |                 |
[   11.982437] cloud-init[960]: |         . o     |
[   11.982765] cloud-init[960]: |      . E + o  . |
[   11.983185] cloud-init[960]: |       B   o .. .|
[   11.983509] cloud-init[960]: |      o S . o. o |
[   11.983837] cloud-init[960]: |       = = .oo+..|
[   11.984514] cloud-init[960]: |      . + o+o=+o=|
[   11.984873] cloud-init[960]: |         oo =**O.|
[   11.985660] cloud-init[960]: |           =+*O+o|
[   11.986989] cloud-init[960]: +----[SHA256]-----+
         Starting iSCSI initiator daemon (iscsid)...
[[0;32m  OK  [0m] Reached target System Initialization.
[[0;32m  OK  [0m] Listening on D-Bus System Message Bus Socket.
[[0;32m  OK  [0m] Listening on ACPID Listen Socket.
         Starting Socket activation for snappy daemon.
[[0;32m  OK  [0m] Listening on UUID daemon activation socket.
[[0;32m  OK  [0m] Started Daily apt download activities.
[[0;32m  OK  [0m] Started Daily Cleanup of Temporary Directories.
[[0;32m  OK  [0m] Started Daily apt upgrade and clean activities.
[[0;32m  OK  [0m] Reached target Timers.
         Starting LXD - unix socket.
[[0;32m  OK  [0m] Started ACPI Events Check.
[[0;32m  OK  [0m] Reached target Paths.
[[0;32m  OK  [0m] Reached target Cloud-config availability.
[[0;32m  OK  [0m] Listening on Socket activation for snappy daemon.
[[0;32m  OK  [0m] Listening on LXD - unix socket.
[[0;32m  OK  [0m] Started iSCSI initiator daemon (iscsid).
         Starting Login to default iSCSI targets...
[[0;32m  OK  [0m] Reached target Sockets.
[[0;32m  OK  [0m] Reached target Basic System.
[[0;32m  OK  [0m] Started ACPI event daemon.
[[0;32m  OK  [0m] Started Regular background program processing daemon.
         Starting System Logging Service...
         Starting LSB: MD monitoring daemon...
         Starting Login Service...
[[0;32m  OK  [0m] Started FUSE filesystem for LXC.
         Starting /etc/rc.local Compatibility...
[[0;32m  OK  [0m] Started Deferred execution scheduler.
[[0;32m  OK  [0m] Started D-Bus System Message Bus.
         Starting Virtualbox guest utils...
         Starting LXD - container startup/shutdown...
         Starting Accounts Service...
         Starting Pollinate to seed the pseudo random number generator...
         Starting LSB: Record successful boot for GRUB...
         Starting Snappy daemon...
[[0;32m  OK  [0m] Started System Logging Service.
[[0;32m  OK  [0m] Started /etc/rc.local Compatibility.
[[0;32m  OK  [0m] Started Login to default iSCSI targets.
[[0;32m  OK  [0m] Started LSB: MD monitoring daemon.
[[0;32m  OK  [0m] Reached target Remote File Systems (Pre).
[[0;32m  OK  [0m] Reached target Remote File Systems.
         Starting Permit User Sessions...
         Starting LSB: Set the CPU Frequency Scaling governor to "ondemand"...
         Starting LSB: automatic crash report generation...
         Starting LSB: daemon to balance interrupts for SMP systems...
[[0;32m  OK  [0m] Started Permit User Sessions.
[[0;32m  OK  [0m] Started Login Service.
[[0;32m  OK  [0m] Started LSB: Record successful boot for GRUB.
[[0;32m  OK  [0m] Started Unattended Upgrades Shutdown.
         Starting Terminate Plymouth Boot Screen...
         Starting Hold until boot process finishes up...
[[0;32m  OK  [0m] Started Hold until boot process finishes up.
[[0;32m  OK  [0m] Started Terminate Plymouth Boot Screen.
         Starting Authenticate and Authorize Users to Run Privileged Tasks...
[[0;32m  OK  [0m] Started Getty on tty1.
         Starting Set console scheme...
[[0;32m  OK  [0m] Started Serial Getty on ttyS0.
[[0;32m  OK  [0m] Reached target Login Prompts.
[[0;32m  OK  [0m] Started LSB: Set the CPU Frequency Scaling governor to "ondemand".
[[0;32m  OK  [0m] Started Set console scheme.
[[0;32m  OK  [0m] Started LXD - container startup/shutdown.
[[0;32m  OK  [0m] Started LSB: automatic crash report generation.
[[0;32m  OK  [0m] Started Virtualbox guest utils.
[[0;32m  OK  [0m] Started Authenticate and Authorize Users to Run Privileged Tasks.
[[0;32m  OK  [0m] Started LSB: daemon to balance interrupts for SMP systems.
[[0;32m  OK  [0m] Started Accounts Service.
[[0;32m  OK  [0m] Started Snappy daemon.
         Starting Wait until snapd is fully seeded...
[[0;32m  OK  [0m] Started Pollinate to seed the pseudo random number generator.
         Starting OpenBSD Secure Shell server...
[[0;32m  OK  [0m] Started OpenBSD Secure Shell server.
[[0;32m  OK  [0m] Started Wait until snapd is fully seeded.
         Starting Apply the settings specified in cloud-config...
[[0;32m  OK  [0m] Reached target Multi-User System.
[[0;32m  OK  [0m] Reached target Graphical Interface.
         Starting Update UTMP about System Runlevel Changes...
[[0;32m  OK  [0m] Created slice User Slice of vagrant.
[[0;32m  OK  [0m] Started Session 1 of user vagrant.
         Starting User Manager for UID 1000...
[[0;32m  OK  [0m] Started Update UTMP about System Runlevel Changes.
[[0;32m  OK  [0m] Started User Manager for UID 1000.
[   14.374074] cloud-init[1322]: Generating locales (this might take a while)...
[   16.734358] cloud-init[1322]:   en_US.UTF-8... done
[   16.737542] cloud-init[1322]: Generation complete.
[   17.240812] cloud-init[1322]: Cloud-init v. 19.2-36-g059d049c-0ubuntu1~16.04.1 running 'modules:config' at Tue, 08 Oct 2019 16:55:21 +0000. Up 14.10 seconds.
[[0;32m  OK  [0m] Started Apply the settings specified in cloud-config.
         Starting Execute cloud user/final scripts...
ci-info: no authorized ssh keys fingerprints found for user ubuntu.
<14>Oct  8 16:55:25 ec2: 
<14>Oct  8 16:55:25 ec2: #############################################################
<14>Oct  8 16:55:25 ec2: -----BEGIN SSH HOST KEY FINGERPRINTS-----
<14>Oct  8 16:55:25 ec2: 1024 SHA256:gDiqfD4nJorrjlMfiQNzRAd77Q14p6MRSpHNu7FnXPs root@ubuntu-xenial (DSA)
<14>Oct  8 16:55:25 ec2: 256 SHA256:KrqXxXxPSg1Wycufbe7A/Ae5JDdOfqyKD2Lgc61OxHk root@ubuntu-xenial (ECDSA)
<14>Oct  8 16:55:25 ec2: 256 SHA256:0j7xLHX7XaaGNHor7bVqxVuE60vtCm+2JQB5g6hbZHI root@ubuntu-xenial (ED25519)
<14>Oct  8 16:55:25 ec2: 2048 SHA256:keU60PE/anZU/R1AQ0mCT5LopFA+FgnQp550So6P2dQ root@ubuntu-xenial (RSA)
<14>Oct  8 16:55:25 ec2: -----END SSH HOST KEY FINGERPRINTS-----
<14>Oct  8 16:55:25 ec2: #############################################################
-----BEGIN SSH HOST KEY KEYS-----
ecdsa-sha2-nistp256 AAAAE2VjZHNhLXNoYTItbmlzdHAyNTYAAAAIbmlzdHAyNTYAAABBBJddk9yPuuHrHOyGqLyNhrljhAVBMZ/9G5AB8rdrwpnJiseqR/5cnHwFEz0sgZjUwS8VxzttHz+myS9pG5pwP10= root@ubuntu-xenial
ssh-ed25519 AAAAC3NzaC1lZDI1NTE5AAAAIMbzp0a0lu76keVtMTBO4aVvrcnf0gYs55NJKhJFVkZC root@ubuntu-xenial
ssh-rsa AAAAB3NzaC1yc2EAAAADAQABAAABAQCoSmOyPumzEXLGQULr+szb82falclM8i4eGZRrrJDnctH6cxcCYtB3087EVN9DOMXj1zPeHUGmSm4+y3D6HlNG8WN0cW54abTsyOmpw6tarBXgL19nZ53/itR27scZjsrHy11bDL6YDQ15Q/eQby6O7p3drbbGPtZyt4p4XOsgW2SIZehWyEIV1uiD+5Bv/ONYRSuofgcdE3a4K10e6J299rF+jH1XzF16cKVkUvd3WR9KMhvd1wT7/euTrD3W8k+J1TXCELygYNe0G4EqDpQxG6QRK/cAyq7r+uqXwLcplw8lNzMdlg/XLhEIfj1v2PJWf8FysEwMr9JnfIheAiJB root@ubuntu-xenial
-----END SSH HOST KEY KEYS-----
[   18.341493] cloud-init[1553]: Cloud-init v. 19.2-36-g059d049c-0ubuntu1~16.04.1 running 'modules:final' at Tue, 08 Oct 2019 16:55:25 +0000. Up 18.03 seconds.
[   18.345100] cloud-init[1553]: ci-info: no authorized ssh keys fingerprints found for user ubuntu.
[   18.347340] cloud-init[1553]: Cloud-init v. 19.2-36-g059d049c-0ubuntu1~16.04.1 finished at Tue, 08 Oct 2019 16:55:25 +0000. Datasource DataSourceNoCloud [seed=/dev/sdb][dsmode=net].  Up 18.31 seconds

Ubuntu 16.04.6 LTS ubuntu-xenial ttyS0

ubuntu-xenial login: 